<?xml version="1.0" encoding="UTF-8"?>
<testng-results ignored="0" total="1" passed="1" failed="0" skipped="0">
  <reporter-output>
  </reporter-output>
  <suite started-at="2023-09-26T21:25:54 IST" name="MyLoginSuite" finished-at="2023-09-26T21:26:01 IST" duration-ms="7060">
    <groups>
    </groups>
    <test started-at="2023-09-26T21:25:54 IST" name="MyLoginTestInChrome" finished-at="2023-09-26T21:26:01 IST" duration-ms="7060">
      <class name="MavenDemoGitJ.MavenDemoGitJenkins.NewTest">
        <test-method is-config="true" signature="beforeTest()[pri:0, instance:MavenDemoGitJ.MavenDemoGitJenkins.NewTest@59505b48]" started-at="2023-09-26T21:25:54 IST" name="beforeTest" finished-at="2023-09-26T21:26:01 IST" duration-ms="6577" status="PASS">
          <reporter-output>
          </reporter-output>
        </test-method> <!-- beforeTest -->
        <test-method signature="checkTest()[pri:0, instance:MavenDemoGitJ.MavenDemoGitJenkins.NewTest@59505b48]" started-at="2023-09-26T21:26:01 IST" name="checkTest" finished-at="2023-09-26T21:26:01 IST" duration-ms="139" status="PASS">
          <reporter-output>
          </reporter-output>
        </test-method> <!-- checkTest -->
        <test-method is-config="true" signature="afterTest()[pri:0, instance:MavenDemoGitJ.MavenDemoGitJenkins.NewTest@59505b48]" started-at="2023-09-26T21:26:01 IST" name="afterTest" finished-at="2023-09-26T21:26:01 IST" duration-ms="300" status="PASS">
          <reporter-output>
          </reporter-output>
        </test-method> <!-- afterTest -->
      </class> <!-- MavenDemoGitJ.MavenDemoGitJenkins.NewTest -->
    </test> <!-- MyLoginTestInChrome -->
  </suite> <!-- MyLoginSuite -->
</testng-results>
